<?xml version="1.0" encoding="UTF-8"?>
<!-- Generated by org.testng.reporters.JUnitReportReporter -->
<testsuite hostname="WKWIN1935029" name="WebFE.WebFEAuto.LaptopDelete" tests="1" failures="0" timestamp="11 Dec 2020 11:09:48 GMT" time="6.542" errors="0">
  <testcase name="RemoveLaptop" time="6.542" classname="WebFE.WebFEAuto.LaptopDelete"/>
</testsuite> <!-- WebFE.WebFEAuto.LaptopDelete -->
