<?xml version="1.0" encoding="UTF-8"?>
<!-- Generated by org.testng.reporters.JUnitReportReporter -->
<testsuite hostname="WKWIN1935029" name="WebFE.WebFEAuto.Laptop" tests="3" failures="0" timestamp="8 Dec 2020 10:08:48 GMT" time="28.012" errors="0">
  <testcase name="compare" time="0.002" classname="WebFE.WebFEAuto.Laptop"/>
  <testcase name="homepage" time="23.492" classname="WebFE.WebFEAuto.Laptop"/>
  <testcase name="driver" time="4.518" classname="WebFE.WebFEAuto.Laptop"/>
</testsuite> <!-- WebFE.WebFEAuto.Laptop -->
