<?xml version="1.0" encoding="UTF-8"?>
<!-- Generated by org.testng.reporters.JUnitReportReporter -->
<testsuite hostname="WKWIN1935029" name="WebFE.WebFEAuto.LaptopSelect" tests="4" failures="0" timestamp="11 Dec 2020 10:22:33 GMT" time="38.611" errors="0">
  <testcase name="AddLaptop" time="11.050" classname="WebFE.WebFEAuto.LaptopSelect"/>
  <testcase name="AddLaptop" time="10.958" classname="WebFE.WebFEAuto.LaptopSelect"/>
  <testcase name="AddLaptop" time="9.759" classname="WebFE.WebFEAuto.LaptopSelect"/>
  <testcase name="RemoveLaptop" time="6.844" classname="WebFE.WebFEAuto.LaptopSelect"/>
</testsuite> <!-- WebFE.WebFEAuto.LaptopSelect -->
