<?xml version="1.0" encoding="UTF-8"?>
<!-- Generated by org.testng.reporters.JUnitReportReporter -->
<testsuite hostname="WKWIN1935029" name="WebFE.WebFEAuto.LaptopSetCompare" tests="2" failures="0" timestamp="11 Dec 2020 11:09:48 GMT" time="9.579" errors="0">
  <testcase name="PlaceOrder" time="9.577" classname="WebFE.WebFEAuto.LaptopSetCompare"/>
  <testcase name="compare" time="0.002" classname="WebFE.WebFEAuto.LaptopSetCompare"/>
</testsuite> <!-- WebFE.WebFEAuto.LaptopSetCompare -->
