<?xml version="1.0" encoding="UTF-8"?>
<!-- Generated by org.testng.reporters.JUnitReportReporter -->
<testsuite hostname="WKWIN1935029" name="WebFE.WebFEAuto.LaptopAdd" tests="3" failures="0" timestamp="11 Dec 2020 11:09:48 GMT" time="31.836" errors="0">
  <testcase name="AddLaptop" time="11.038" classname="WebFE.WebFEAuto.LaptopAdd"/>
  <testcase name="AddLaptop" time="9.599" classname="WebFE.WebFEAuto.LaptopAdd"/>
  <testcase name="AddLaptop" time="11.199" classname="WebFE.WebFEAuto.LaptopAdd"/>
</testsuite> <!-- WebFE.WebFEAuto.LaptopAdd -->
